2025-05-12 16:46:15,180 - INFO - Ejecución de SQL completada.
2025-05-12 16:46:15,596 - INFO - Conexión y preprocesamiento completados.
2025-05-12 16:46:15,602 - INFO - Generando recomendaciones para el usuario 609.
2025-05-12 16:46:15,611 - INFO - Recomendaciones para el usuario 609 finalizadas
2025-05-12 16:46:15,616 - INFO - Generando recomendaciones para el usuario 609.
2025-05-12 16:46:15,623 - INFO - Recomendaciones para el usuario 609 finalizadas
2025-05-12 16:46:15,626 - INFO - Generando recomendaciones para el usuario 609.
2025-05-12 16:46:15,634 - INFO - Recomendaciones para el usuario 609 finalizadas
2025-05-12 16:46:15,637 - INFO - Generando recomendaciones para el usuario 161.
2025-05-12 16:46:15,646 - INFO - Recomendaciones para el usuario 161 finalizadas
2025-05-12 16:46:15,650 - INFO - Generando recomendaciones para el usuario 161.
2025-05-12 16:46:15,658 - INFO - Recomendaciones para el usuario 161 finalizadas
2025-05-12 16:46:15,660 - INFO - Generando recomendaciones para el usuario 161.
2025-05-12 16:46:15,669 - INFO - Recomendaciones para el usuario 161 finalizadas
2025-05-12 16:46:15,672 - INFO - Generando recomendaciones para el usuario 266.
2025-05-12 16:46:15,682 - INFO - Recomendaciones para el usuario 266 finalizadas
2025-05-12 16:46:15,685 - INFO - Generando recomendaciones para el usuario 266.
2025-05-12 16:46:15,692 - INFO - Recomendaciones para el usuario 266 finalizadas
2025-05-12 16:46:15,694 - INFO - Generando recomendaciones para el usuario 266.
2025-05-12 16:46:15,701 - INFO - Recomendaciones para el usuario 266 finalizadas
2025-05-12 16:46:16,098 - INFO - Recomendaciones generadas y guardadas en Excel y CSV.
2025-05-12 18:23:31,498 - INFO - Ejecución de SQL completada.
2025-05-12 18:23:31,973 - INFO - Conexión y preprocesamiento completados.
2025-05-12 18:23:31,979 - INFO - Generando recomendaciones para el usuario 609.
2025-05-12 18:23:31,988 - INFO - Recomendaciones para el usuario 609 finalizadas
2025-05-12 18:23:31,990 - INFO - Generando recomendaciones para el usuario 609.
2025-05-12 18:23:32,002 - INFO - Recomendaciones para el usuario 609 finalizadas
2025-05-12 18:23:32,005 - INFO - Generando recomendaciones para el usuario 609.
2025-05-12 18:23:32,012 - INFO - Recomendaciones para el usuario 609 finalizadas
2025-05-12 18:23:32,016 - INFO - Generando recomendaciones para el usuario 161.
2025-05-12 18:23:32,023 - INFO - Recomendaciones para el usuario 161 finalizadas
2025-05-12 18:23:32,026 - INFO - Generando recomendaciones para el usuario 161.
2025-05-12 18:23:32,034 - INFO - Recomendaciones para el usuario 161 finalizadas
2025-05-12 18:23:32,036 - INFO - Generando recomendaciones para el usuario 161.
2025-05-12 18:23:32,043 - INFO - Recomendaciones para el usuario 161 finalizadas
2025-05-12 18:23:32,046 - INFO - Generando recomendaciones para el usuario 266.
2025-05-12 18:23:32,053 - INFO - Recomendaciones para el usuario 266 finalizadas
2025-05-12 18:23:32,056 - INFO - Generando recomendaciones para el usuario 266.
2025-05-12 18:23:32,062 - INFO - Recomendaciones para el usuario 266 finalizadas
2025-05-12 18:23:32,067 - INFO - Generando recomendaciones para el usuario 266.
2025-05-12 18:23:32,073 - INFO - Recomendaciones para el usuario 266 finalizadas
2025-05-12 18:23:32,460 - INFO - Recomendaciones generadas y guardadas en Excel y CSV.
2025-05-12 18:26:44,421 - INFO - Ejecución de SQL completada.
2025-05-12 18:26:44,863 - INFO - Conexión y preprocesamiento completados.
2025-05-12 18:26:44,868 - INFO - Generando recomendaciones para el usuario 609.
2025-05-12 18:26:44,876 - INFO - Recomendaciones para el usuario 609 finalizadas
2025-05-12 18:26:44,879 - INFO - Generando recomendaciones para el usuario 609.
2025-05-12 18:26:44,888 - INFO - Recomendaciones para el usuario 609 finalizadas
2025-05-12 18:26:44,891 - INFO - Generando recomendaciones para el usuario 609.
2025-05-12 18:26:44,897 - INFO - Recomendaciones para el usuario 609 finalizadas
2025-05-12 18:26:44,900 - INFO - Generando recomendaciones para el usuario 161.
2025-05-12 18:26:44,908 - INFO - Recomendaciones para el usuario 161 finalizadas
2025-05-12 18:26:44,909 - INFO - Generando recomendaciones para el usuario 161.
2025-05-12 18:26:44,920 - INFO - Recomendaciones para el usuario 161 finalizadas
2025-05-12 18:26:44,923 - INFO - Generando recomendaciones para el usuario 161.
2025-05-12 18:26:44,930 - INFO - Recomendaciones para el usuario 161 finalizadas
2025-05-12 18:26:44,933 - INFO - Generando recomendaciones para el usuario 266.
2025-05-12 18:26:44,940 - INFO - Recomendaciones para el usuario 266 finalizadas
2025-05-12 18:26:44,943 - INFO - Generando recomendaciones para el usuario 266.
2025-05-12 18:26:44,952 - INFO - Recomendaciones para el usuario 266 finalizadas
2025-05-12 18:26:44,955 - INFO - Generando recomendaciones para el usuario 266.
2025-05-12 18:26:44,960 - INFO - Recomendaciones para el usuario 266 finalizadas
2025-05-12 18:26:45,027 - INFO - Recomendaciones generadas y guardadas en Excel y CSV.
2025-05-12 18:44:49,661 - INFO - Conexión y preprocesamiento completados.
2025-05-12 18:44:50,653 - INFO - Ejecución de SQL completada.
2025-05-12 18:44:51,067 - INFO - Generando recomendaciones para el usuario 609.
2025-05-12 18:44:51,075 - INFO - Recomendaciones para el usuario 609 finalizadas
2025-05-12 18:44:51,079 - INFO - Generando recomendaciones para el usuario 609.
2025-05-12 18:44:51,087 - INFO - Recomendaciones para el usuario 609 finalizadas
2025-05-12 18:44:51,090 - INFO - Generando recomendaciones para el usuario 609.
2025-05-12 18:44:51,096 - INFO - Recomendaciones para el usuario 609 finalizadas
2025-05-12 18:44:51,099 - INFO - Generando recomendaciones para el usuario 161.
2025-05-12 18:44:51,107 - INFO - Recomendaciones para el usuario 161 finalizadas
2025-05-12 18:44:51,108 - INFO - Generando recomendaciones para el usuario 161.
2025-05-12 18:44:51,117 - INFO - Recomendaciones para el usuario 161 finalizadas
2025-05-12 18:44:51,119 - INFO - Generando recomendaciones para el usuario 161.
2025-05-12 18:44:51,126 - INFO - Recomendaciones para el usuario 161 finalizadas
2025-05-12 18:44:51,129 - INFO - Generando recomendaciones para el usuario 266.
2025-05-12 18:44:51,137 - INFO - Recomendaciones para el usuario 266 finalizadas
2025-05-12 18:44:51,139 - INFO - Generando recomendaciones para el usuario 266.
2025-05-12 18:44:51,147 - INFO - Recomendaciones para el usuario 266 finalizadas
2025-05-12 18:44:51,149 - INFO - Generando recomendaciones para el usuario 266.
2025-05-12 18:44:51,155 - INFO - Recomendaciones para el usuario 266 finalizadas
2025-05-12 18:44:51,511 - INFO - Recomendaciones generadas y guardadas en Excel y CSV.
2025-05-12 18:45:10,032 - INFO - Conexión y preprocesamiento completados.
2025-05-12 18:45:10,952 - INFO - Ejecución de SQL completada.
2025-05-12 18:45:11,323 - INFO - Generando recomendaciones para el usuario 609.
2025-05-12 18:45:11,332 - INFO - Recomendaciones para el usuario 609 finalizadas
2025-05-12 18:45:11,336 - INFO - Generando recomendaciones para el usuario 609.
2025-05-12 18:45:11,343 - INFO - Recomendaciones para el usuario 609 finalizadas
2025-05-12 18:45:11,347 - INFO - Generando recomendaciones para el usuario 609.
2025-05-12 18:45:11,353 - INFO - Recomendaciones para el usuario 609 finalizadas
2025-05-12 18:45:11,357 - INFO - Generando recomendaciones para el usuario 161.
2025-05-12 18:45:11,364 - INFO - Recomendaciones para el usuario 161 finalizadas
2025-05-12 18:45:11,368 - INFO - Generando recomendaciones para el usuario 161.
2025-05-12 18:45:11,377 - INFO - Recomendaciones para el usuario 161 finalizadas
2025-05-12 18:45:11,379 - INFO - Generando recomendaciones para el usuario 161.
2025-05-12 18:45:11,385 - INFO - Recomendaciones para el usuario 161 finalizadas
2025-05-12 18:45:11,388 - INFO - Generando recomendaciones para el usuario 266.
2025-05-12 18:45:11,395 - INFO - Recomendaciones para el usuario 266 finalizadas
2025-05-12 18:45:11,397 - INFO - Generando recomendaciones para el usuario 266.
2025-05-12 18:45:11,407 - INFO - Recomendaciones para el usuario 266 finalizadas
2025-05-12 18:45:11,410 - INFO - Generando recomendaciones para el usuario 266.
2025-05-12 18:45:11,417 - INFO - Recomendaciones para el usuario 266 finalizadas
2025-05-12 18:45:11,792 - INFO - Recomendaciones generadas y guardadas en Excel y CSV.
